{"context":"gitee hook success","level":"info","msg":"info log","time":"2022-03-16T19:27:08+08:00"}
{"EntName":"","context":"zichengqu is not an Enterprise member _ Name is null","isEntUser":0,"issue":{"issueID":"I4Y60N","issueAction":"open","issueUser":{"issueUserName":"ZichengQu","issueUserID":"zichengqu","isEntUser":0,"isOrgUser":0},"issueTime":"2022-03-16T19:27:07+08:00","issueUpdateTime":"2022-03-16T19:27:07+08:00","issueAssignee":"","issueLabel":null,"issueTitle":"354345","issueContent":"345354","repoInfo":{"org":"zichengqu","repo":"TestSunmao","ent":""}},"issueID":"I4Y60N","level":"info","msg":"info log","time":"2022-03-16T19:27:08+08:00"}
{"context":"Send issue error, please check whether the apiUrl is active","level":"info","msg":"info log","time":"2022-03-16T19:33:09+08:00"}
{"context":"Send issue error, please check whether the apiUrl is active","level":"info","msg":"info log","time":"2022-03-16T19:33:09+08:00"}
{"context":"Send issue error, please check whether the apiUrl is active","level":"info","msg":"info log","time":"2022-03-16T19:33:09+08:00"}
{"context":"Send issue success","level":"info","msg":"info log","time":"2022-03-16T19:33:09+08:00"}
{"context":"gitee hook success","level":"info","msg":"info log","time":"2022-03-16T19:33:25+08:00"}
{"EntName":"","context":"zichengqu is not an Enterprise member _ Name is null","isEntUser":0,"issue":{"issueID":"I4Y614","issueAction":"open","issueUser":{"issueUserName":"ZichengQu","issueUserID":"zichengqu","isEntUser":0,"isOrgUser":0},"issueTime":"2022-03-16T19:33:25+08:00","issueUpdateTime":"2022-03-16T19:33:25+08:00","issueAssignee":"","issueLabel":null,"issueTitle":"532453","issueContent":"3543543","repoInfo":{"org":"zichengqu","repo":"TestSunmao","ent":""}},"issueID":"I4Y614","level":"info","msg":"info log","time":"2022-03-16T19:33:25+08:00"}
{"context":"Send issue success","level":"info","msg":"info log","time":"2022-03-16T19:33:44+08:00"}
{"context":"gitee hook success","level":"info","msg":"info log","time":"2022-03-16T19:52:24+08:00"}
{"EntName":"","context":"zichengqu is not an Enterprise member _ Name is null","isEntUser":0,"issue":{"issueID":"I4Y62U","issueAction":"open","issueUser":{"issueUserName":"ZichengQu","issueUserID":"zichengqu","isEntUser":0,"isOrgUser":0},"issueTime":"2022-03-16T19:52:23+08:00","issueUpdateTime":"2022-03-16T19:52:23+08:00","issueAssignee":"","issueLabel":null,"issueTitle":"5463245","issueContent":"654654","repoInfo":{"org":"zichengqu","repo":"TestSunmao","ent":""}},"issueID":"I4Y62U","level":"info","msg":"info log","time":"2022-03-16T19:52:24+08:00"}
{"context":"Send issue success","level":"info","msg":"info log","time":"2022-03-16T19:53:19+08:00"}
{"context":"gitee hook success","level":"info","msg":"info log","time":"2022-03-16T19:55:26+08:00"}
{"EntName":"","context":"zichengqu is not an Enterprise member _ Name is null","isEntUser":0,"issue":{"issueID":"I4Y634","issueAction":"open","issueUser":{"issueUserName":"ZichengQu","issueUserID":"zichengqu","isEntUser":0,"isOrgUser":0},"issueTime":"2022-03-16T19:55:26+08:00","issueUpdateTime":"2022-03-16T19:55:26+08:00","issueAssignee":"","issueLabel":null,"issueTitle":"3254","issueContent":"3254","repoInfo":{"org":"zichengqu","repo":"TestSunmao","ent":""}},"issueID":"I4Y634","level":"info","msg":"info log","time":"2022-03-16T19:55:26+08:00"}
{"context":"Send issue success","level":"info","msg":"info log","time":"2022-03-16T19:56:01+08:00"}
{"context":"gitee hook success","level":"info","msg":"info log","time":"2022-03-16T20:02:23+08:00"}
{"EntName":"","context":"zichengqu is not an Enterprise member _ Name is null","isEntUser":0,"issue":{"issueID":"I4Y63Q","issueAction":"open","issueUser":{"issueUserName":"ZichengQu","issueUserID":"zichengqu","isEntUser":0,"isOrgUser":0},"issueTime":"2022-03-16T20:02:22+08:00","issueUpdateTime":"2022-03-16T20:02:22+08:00","issueAssignee":"","issueLabel":null,"issueTitle":"3543","issueContent":"354","repoInfo":{"org":"zichengqu","repo":"TestSunmao","ent":""}},"issueID":"I4Y63Q","level":"info","msg":"info log","time":"2022-03-16T20:02:23+08:00"}
{"context":"Send issue success","level":"info","msg":"info log","time":"2022-03-16T20:03:37+08:00"}
{"context":"gitee hook success","level":"info","msg":"info log","time":"2022-03-16T20:05:23+08:00"}
{"EntName":"","context":"zichengqu is not an Enterprise member _ Name is null","isEntUser":0,"issue":{"issueID":"I4Y63Z","issueAction":"open","issueUser":{"issueUserName":"ZichengQu","issueUserID":"zichengqu","isEntUser":0,"isOrgUser":0},"issueTime":"2022-03-16T20:05:23+08:00","issueUpdateTime":"2022-03-16T20:05:23+08:00","issueAssignee":"","issueLabel":null,"issueTitle":"586742","issueContent":"453245","repoInfo":{"org":"zichengqu","repo":"TestSunmao","ent":""}},"issueID":"I4Y63Z","level":"info","msg":"info log","time":"2022-03-16T20:05:23+08:00"}
{"context":"gitee hook success","level":"info","msg":"info log","time":"2022-03-29T20:01:52+08:00"}
{"EntName":"","context":"zichengqu is not an Enterprise member _ Name is null","isEntUser":0,"issue":{"issueID":"I5073M","issueAction":"open","issueUser":{"issueUserName":"ZichengQu","issueUserID":"zichengqu","isEntUser":0,"isOrgUser":0},"issueTime":"2022-03-29T20:01:51+08:00","issueUpdateTime":"2022-03-29T20:01:51+08:00","issueAssignee":"","issueLabel":[{"labelName":"bug","labelDesciption":"bug"}],"issueTitle":"555","issueContent":"555","repoInfo":{"org":"zichengqu","repo":"test","ent":""}},"issueID":"I5073M","level":"info","msg":"info log","time":"2022-03-29T20:01:52+08:00"}
{"1. context":"gitee hook is broken","level":"info","msg":"info log","time":"2022-03-30T12:40:44+08:00"}
{"1. context":"gitee hook is broken","level":"info","msg":"info log","time":"2022-03-30T12:40:44+08:00"}
{"1. context":"gitee hook is broken","level":"info","msg":"info log","time":"2022-03-30T12:40:44+08:00"}
{"1. context":"500 Internal Server Error: Failed to read request body","level":"info","msg":"info log","time":"2022-03-30T13:00:51+08:00"}
{"1. context":"500 Internal Server Error: Failed to read request body","level":"info","msg":"info log","time":"2022-03-30T13:00:51+08:00"}
{"1. context":"500 Internal Server Error: Failed to read request body","level":"info","msg":"info log","time":"2022-03-30T13:00:51+08:00"}
{"1. context":"500 Internal Server Error: Failed to read request body","level":"info","msg":"info log","time":"2022-03-30T13:09:12+08:00"}
{"1. context":"500 Internal Server Error: Failed to read request body","level":"info","msg":"info log","time":"2022-03-30T13:09:12+08:00"}
{"1. context":"500 Internal Server Error: Failed to read request body","level":"info","msg":"info log","time":"2022-03-30T13:09:12+08:00"}
{"3. context":"gitee hook success","level":"info","msg":"info log","time":"2022-03-30T13:18:06+08:00"}
{"EntName":"","context":"zichengqu is not an Enterprise member _ Name is null","isEntUser":0,"issue":{"issueID":"I50C38","issueAction":"open","issueUser":{"issueUserName":"ZichengQu","issueUserID":"zichengqu","isEntUser":0,"isOrgUser":0},"issueTime":"2022-03-30T13:17:47+08:00","issueUpdateTime":"2022-03-30T13:17:47+08:00","issueAssignee":"","issueLabel":null,"issueTitle":"f","issueContent":"fd","repoInfo":{"org":"zichengqu","repo":"test","ent":""}},"issueID":"I50C38","level":"info","msg":"info log","time":"2022-03-30T13:18:06+08:00"}
{"context":"Send issue error, please check whether the apiUrl is active","level":"info","msg":"info log","time":"2022-03-30T13:18:06+08:00"}
{"context":"Send issue error, please check whether the apiUrl is active","level":"info","msg":"info log","time":"2022-03-30T13:18:06+08:00"}
{"context":"Send issue error, please check whether the apiUrl is active","level":"info","msg":"info log","time":"2022-03-30T13:18:06+08:00"}
{"context":"Send issue success","level":"info","msg":"info log","time":"2022-03-30T13:18:06+08:00"}
{"3. context":"gitee hook success","level":"info","msg":"info log","time":"2022-03-30T14:21:14+08:00"}
{"EntName":"","context":"zichengqu is not an Enterprise member _ Name is null","isEntUser":0,"issue":{"issueID":"I50CPG","issueAction":"open","issueUser":{"issueUserName":"ZichengQu","issueUserID":"zichengqu","isEntUser":0,"isOrgUser":0},"issueTime":"2022-03-30T14:21:05+08:00","issueUpdateTime":"2022-03-30T14:21:05+08:00","issueAssignee":"","issueLabel":[{"labelName":"bug","labelDesciption":"bug"}],"issueTitle":"gdsf","issueContent":"gsdf","repoInfo":{"org":"zichengqu","repo":"test","ent":""}},"issueID":"I50CPG","level":"info","msg":"info log","time":"2022-03-30T14:21:14+08:00"}
{"context":"Send issue error, please check whether the apiUrl is active","level":"info","msg":"info log","time":"2022-03-30T14:21:14+08:00"}
{"context":"Send issue error, please check whether the apiUrl is active","level":"info","msg":"info log","time":"2022-03-30T14:21:14+08:00"}
{"context":"Send issue error, please check whether the apiUrl is active","level":"info","msg":"info log","time":"2022-03-30T14:21:14+08:00"}
{"context":"Send issue success","level":"info","msg":"info log","time":"2022-03-30T14:21:14+08:00"}
{"3. context":"gitee hook success","level":"info","msg":"info log","time":"2022-03-30T14:25:47+08:00"}
{"EntName":"","context":"zichengqu is not an Enterprise member _ Name is null","isEntUser":0,"issue":{"issueID":"I50CRQ","issueAction":"open","issueUser":{"issueUserName":"ZichengQu","issueUserID":"zichengqu","isEntUser":0,"isOrgUser":0},"issueTime":"2022-03-30T14:25:40+08:00","issueUpdateTime":"2022-03-30T14:25:40+08:00","issueAssignee":"","issueLabel":[{"labelName":"bug","labelDesciption":"bug"}],"issueTitle":"fdas","issueContent":"fds","repoInfo":{"org":"zichengqu","repo":"test","ent":""}},"issueID":"I50CRQ","level":"info","msg":"info log","time":"2022-03-30T14:25:47+08:00"}
{"context":"Send issue error, please check whether the apiUrl is active","level":"info","msg":"info log","time":"2022-03-30T14:25:47+08:00"}
{"context":"Send issue error, please check whether the apiUrl is active","level":"info","msg":"info log","time":"2022-03-30T14:25:47+08:00"}
{"context":"Send issue error, please check whether the apiUrl is active","level":"info","msg":"info log","time":"2022-03-30T14:25:47+08:00"}
{"context":"Send issue success","level":"info","msg":"info log","time":"2022-03-30T14:25:47+08:00"}
{"3. context":"gitee hook success","level":"info","msg":"info log","time":"2022-03-30T14:39:53+08:00"}
{"EntName":"","context":"zichengqu is not an Enterprise member _ Name is null","isEntUser":0,"issue":{"issueID":"I50CXP","issueAction":"open","issueUser":{"issueUserName":"ZichengQu","issueUserID":"zichengqu","isEntUser":0,"isOrgUser":0},"issueTime":"2022-03-30T14:39:40+08:00","issueUpdateTime":"2022-03-30T14:39:40+08:00","issueAssignee":"","issueLabel":[{"labelName":"bug","labelDesciption":"bug"}],"issueTitle":"fsd","issueContent":"fds","repoInfo":{"org":"zichengqu","repo":"test","ent":""}},"issueID":"I50CXP","level":"info","msg":"info log","time":"2022-03-30T14:39:53+08:00"}
{"context":"Send issue error, please check whether the apiUrl is active","level":"info","msg":"info log","time":"2022-03-30T14:39:53+08:00"}
{"context":"Send issue error, please check whether the apiUrl is active","level":"info","msg":"info log","time":"2022-03-30T14:39:53+08:00"}
{"context":"Send issue error, please check whether the apiUrl is active","level":"info","msg":"info log","time":"2022-03-30T14:39:53+08:00"}
{"context":"Send issue success","level":"info","msg":"info log","time":"2022-03-30T14:39:53+08:00"}
{"3. context":"gitee hook success","level":"info","msg":"info log","time":"2022-03-30T15:00:57+08:00"}
{"EntName":"","context":"zichengqu is not an Enterprise member _ Name is null","isEntUser":0,"issue":{"issueID":"I50D6E","issueAction":"open","issueUser":{"issueUserName":"ZichengQu","issueUserID":"zichengqu","isEntUser":0,"isOrgUser":0},"issueTime":"2022-03-30T15:00:43+08:00","issueUpdateTime":"2022-03-30T15:00:43+08:00","issueAssignee":"","issueLabel":[{"labelName":"bug","labelDesciption":"bug"}],"issueTitle":"fds","issueContent":"fds","repoInfo":{"org":"zichengqu","repo":"test","ent":""}},"issueID":"I50D6E","level":"info","msg":"info log","time":"2022-03-30T15:00:57+08:00"}
{"context":"Send issue error, please check whether the apiUrl is active","level":"info","msg":"info log","time":"2022-03-30T15:00:57+08:00"}
{"context":"Send issue error, please check whether the apiUrl is active","level":"info","msg":"info log","time":"2022-03-30T15:00:57+08:00"}
{"context":"Send issue error, please check whether the apiUrl is active","level":"info","msg":"info log","time":"2022-03-30T15:00:57+08:00"}
{"context":"Send issue success","level":"info","msg":"info log","time":"2022-03-30T15:00:57+08:00"}
{"3. context":"gitee hook success","level":"info","msg":"info log","time":"2022-03-30T15:26:38+08:00"}
{"EntName":"","context":"zichengqu is not an Enterprise member _ Name is null","isEntUser":0,"issue":{"issueID":"I50DHZ","issueAction":"open","issueUser":{"issueUserName":"ZichengQu","issueUserID":"zichengqu","isEntUser":0,"isOrgUser":0},"issueTime":"2022-03-30T15:26:27+08:00","issueUpdateTime":"2022-03-30T15:26:27+08:00","issueAssignee":"","issueLabel":[{"labelName":"bug","labelDesciption":"bug"}],"issueTitle":"fds","issueContent":"fds","repoInfo":{"org":"zichengqu","repo":"test","ent":""}},"issueID":"I50DHZ","level":"info","msg":"info log","time":"2022-03-30T15:26:38+08:00"}
{"context":"Send issue error, please check whether the apiUrl is active","level":"info","msg":"info log","time":"2022-03-30T15:26:38+08:00"}
{"context":"Send issue error, please check whether the apiUrl is active","level":"info","msg":"info log","time":"2022-03-30T15:26:38+08:00"}
{"context":"Send issue error, please check whether the apiUrl is active","level":"info","msg":"info log","time":"2022-03-30T15:26:38+08:00"}
{"context":"Send issue success","level":"info","msg":"info log","time":"2022-03-30T15:26:38+08:00"}
{"context":"gitee hook success","level":"info","msg":"info log","time":"2022-03-30T15:41:10+08:00"}
{"EntName":"","context":"zichengqu is not an Enterprise member _ Name is null","isEntUser":0,"issue":{"issueID":"I50DP8","issueAction":"open","issueUser":{"issueUserName":"ZichengQu","issueUserID":"zichengqu","isEntUser":0,"isOrgUser":0},"issueTime":"2022-03-30T15:41:10+08:00","issueUpdateTime":"2022-03-30T15:41:10+08:00","issueAssignee":"","issueLabel":[{"labelName":"bug","labelDesciption":"bug"}],"issueTitle":"fds","issueContent":"fds","repoInfo":{"org":"zichengqu","repo":"test","ent":""}},"issueID":"I50DP8","level":"info","msg":"info log","time":"2022-03-30T15:41:10+08:00"}
{"context":"Send issue success","level":"info","msg":"info log","time":"2022-03-30T16:04:06+08:00"}
{"context":"gitee hook success","level":"info","msg":"info log","time":"2022-03-30T16:16:37+08:00"}
{"EntName":"","context":"zichengqu is not an Enterprise member _ Name is null","isEntUser":0,"issue":{"issueID":"I50E2O","issueAction":"open","issueUser":{"issueUserName":"ZichengQu","issueUserID":"zichengqu","isEntUser":0,"isOrgUser":0},"issueTime":"2022-03-30T16:16:04+08:00","issueUpdateTime":"2022-03-30T16:16:04+08:00","issueAssignee":"","issueLabel":[{"labelName":"bug","labelDesciption":"bug"}],"issueTitle":"fds","issueContent":"fds","repoInfo":{"org":"zichengqu","repo":"test","ent":""}},"issueID":"I50E2O","level":"info","msg":"info log","time":"2022-03-30T16:16:37+08:00"}
{"context":"Send issue success","level":"info","msg":"info log","time":"2022-03-30T16:16:37+08:00"}
